2023-12-19 00:04:05,449 INFO ru.khachidze.backend.api.service.TokenPurgeTaskService [scheduling-1] Сработал шидулер для удаление просроченных токенов восстановление пароля
2023-12-19 00:04:05,774 INFO ru.khachidze.backend.api.service.UserStatusService [scheduling-1] Сработал шидулер для проверки активности пользователя
2023-12-19 00:04:05,777 INFO ru.khachidze.backend.api.service.UserStatusService [scheduling-1] Пользователь anton не в сети
2023-12-19 00:04:05,778 INFO ru.khachidze.backend.api.service.UserStatusService [scheduling-1] Пользователь masha не в сети
2023-12-19 00:04:05,778 INFO ru.khachidze.backend.api.service.UserStatusService [scheduling-1] Пользователь sadsadsa не в сети
2023-12-19 00:04:05,779 INFO ru.khachidze.backend.api.service.UserStatusService [scheduling-1] Пользователь dsadas не в сети
2023-12-19 00:04:05,779 INFO ru.khachidze.backend.api.service.UserStatusService [scheduling-1] Пользователь andrey не в сети
2023-12-19 00:04:05,779 INFO ru.khachidze.backend.api.service.UserStatusService [scheduling-1] Пользователь maksim не в сети
2023-12-19 00:04:05,779 INFO ru.khachidze.backend.api.service.UserStatusService [scheduling-1] Пользователь alena не в сети
2023-12-19 00:04:05,779 INFO ru.khachidze.backend.api.service.UserStatusService [scheduling-1] Пользователь admin не в сети
2023-12-19 00:05:17,462 INFO ru.khachidze.backend.api.config.JwtRequestFilter [http-nio-8080-exec-8] JwtRequestFilter -> doFilterInternal(): Обновление времени пользователя: alena
2023-12-19 00:05:17,462 INFO ru.khachidze.backend.api.config.JwtRequestFilter [http-nio-8080-exec-9] JwtRequestFilter -> doFilterInternal(): Обновление времени пользователя: alena
2023-12-19 00:09:05,644 INFO ru.khachidze.backend.api.service.TokenPurgeTaskService [scheduling-1] Сработал шидулер для удаление просроченных токенов восстановление пароля
2023-12-19 00:09:05,795 INFO ru.khachidze.backend.api.service.UserStatusService [scheduling-1] Сработал шидулер для проверки активности пользователя
2023-12-19 00:09:05,809 INFO ru.khachidze.backend.api.service.UserStatusService [scheduling-1] Пользователь anton не в сети
2023-12-19 00:09:05,809 INFO ru.khachidze.backend.api.service.UserStatusService [scheduling-1] Пользователь masha не в сети
2023-12-19 00:09:05,810 INFO ru.khachidze.backend.api.service.UserStatusService [scheduling-1] Пользователь sadsadsa не в сети
2023-12-19 00:09:05,810 INFO ru.khachidze.backend.api.service.UserStatusService [scheduling-1] Пользователь dsadas не в сети
2023-12-19 00:09:05,812 INFO ru.khachidze.backend.api.service.UserStatusService [scheduling-1] Пользователь andrey не в сети
2023-12-19 00:09:05,812 INFO ru.khachidze.backend.api.service.UserStatusService [scheduling-1] Пользователь maksim не в сети
2023-12-19 00:09:05,812 INFO ru.khachidze.backend.api.service.UserStatusService [scheduling-1] Пользователь alena не в сети
2023-12-19 00:09:05,814 INFO ru.khachidze.backend.api.service.UserStatusService [scheduling-1] Пользователь admin не в сети
2023-12-19 00:14:05,718 INFO ru.khachidze.backend.api.service.TokenPurgeTaskService [scheduling-1] Сработал шидулер для удаление просроченных токенов восстановление пароля
2023-12-19 00:14:05,871 INFO ru.khachidze.backend.api.service.UserStatusService [scheduling-1] Сработал шидулер для проверки активности пользователя
2023-12-19 00:14:05,902 INFO ru.khachidze.backend.api.service.UserStatusService [scheduling-1] Пользователь anton не в сети
2023-12-19 00:14:05,903 INFO ru.khachidze.backend.api.service.UserStatusService [scheduling-1] Пользователь masha не в сети
2023-12-19 00:14:05,905 INFO ru.khachidze.backend.api.service.UserStatusService [scheduling-1] Пользователь sadsadsa не в сети
2023-12-19 00:14:05,910 INFO ru.khachidze.backend.api.service.UserStatusService [scheduling-1] Пользователь dsadas не в сети
2023-12-19 00:14:05,911 INFO ru.khachidze.backend.api.service.UserStatusService [scheduling-1] Пользователь andrey не в сети
2023-12-19 00:14:05,911 INFO ru.khachidze.backend.api.service.UserStatusService [scheduling-1] Пользователь maksim не в сети
2023-12-19 00:14:05,911 INFO ru.khachidze.backend.api.service.UserStatusService [scheduling-1] Пользователь alena не в сети
2023-12-19 00:14:05,912 INFO ru.khachidze.backend.api.service.UserStatusService [scheduling-1] Пользователь admin не в сети
2023-12-19 00:19:05,807 INFO ru.khachidze.backend.api.service.TokenPurgeTaskService [scheduling-1] Сработал шидулер для удаление просроченных токенов восстановление пароля
2023-12-19 00:19:05,960 INFO ru.khachidze.backend.api.service.UserStatusService [scheduling-1] Сработал шидулер для проверки активности пользователя
2023-12-19 00:19:05,985 INFO ru.khachidze.backend.api.service.UserStatusService [scheduling-1] Пользователь anton не в сети
2023-12-19 00:19:05,986 INFO ru.khachidze.backend.api.service.UserStatusService [scheduling-1] Пользователь masha не в сети
2023-12-19 00:19:05,988 INFO ru.khachidze.backend.api.service.UserStatusService [scheduling-1] Пользователь sadsadsa не в сети
2023-12-19 00:19:05,988 INFO ru.khachidze.backend.api.service.UserStatusService [scheduling-1] Пользователь dsadas не в сети
2023-12-19 00:19:05,988 INFO ru.khachidze.backend.api.service.UserStatusService [scheduling-1] Пользователь andrey не в сети
2023-12-19 00:19:05,988 INFO ru.khachidze.backend.api.service.UserStatusService [scheduling-1] Пользователь maksim не в сети
2023-12-19 00:19:05,988 INFO ru.khachidze.backend.api.service.UserStatusService [scheduling-1] Пользователь alena не в сети
2023-12-19 00:19:05,988 INFO ru.khachidze.backend.api.service.UserStatusService [scheduling-1] Пользователь admin не в сети
2023-12-19 00:24:05,841 INFO ru.khachidze.backend.api.service.TokenPurgeTaskService [scheduling-1] Сработал шидулер для удаление просроченных токенов восстановление пароля
2023-12-19 00:24:06,010 INFO ru.khachidze.backend.api.service.UserStatusService [scheduling-1] Сработал шидулер для проверки активности пользователя
2023-12-19 00:24:06,047 INFO ru.khachidze.backend.api.service.UserStatusService [scheduling-1] Пользователь anton не в сети
2023-12-19 00:24:06,054 INFO ru.khachidze.backend.api.service.UserStatusService [scheduling-1] Пользователь masha не в сети
2023-12-19 00:24:06,059 INFO ru.khachidze.backend.api.service.UserStatusService [scheduling-1] Пользователь sadsadsa не в сети
2023-12-19 00:24:06,061 INFO ru.khachidze.backend.api.service.UserStatusService [scheduling-1] Пользователь dsadas не в сети
2023-12-19 00:24:06,061 INFO ru.khachidze.backend.api.service.UserStatusService [scheduling-1] Пользователь andrey не в сети
2023-12-19 00:24:06,062 INFO ru.khachidze.backend.api.service.UserStatusService [scheduling-1] Пользователь maksim не в сети
2023-12-19 00:24:06,063 INFO ru.khachidze.backend.api.service.UserStatusService [scheduling-1] Пользователь alena не в сети
2023-12-19 00:24:06,065 INFO ru.khachidze.backend.api.service.UserStatusService [scheduling-1] Пользователь admin не в сети
2023-12-19 00:29:05,907 INFO ru.khachidze.backend.api.service.TokenPurgeTaskService [scheduling-1] Сработал шидулер для удаление просроченных токенов восстановление пароля
2023-12-19 00:29:06,117 INFO ru.khachidze.backend.api.service.UserStatusService [scheduling-1] Сработал шидулер для проверки активности пользователя
2023-12-19 00:29:06,129 INFO ru.khachidze.backend.api.service.UserStatusService [scheduling-1] Пользователь anton не в сети
2023-12-19 00:29:06,130 INFO ru.khachidze.backend.api.service.UserStatusService [scheduling-1] Пользователь masha не в сети
2023-12-19 00:29:06,131 INFO ru.khachidze.backend.api.service.UserStatusService [scheduling-1] Пользователь sadsadsa не в сети
2023-12-19 00:29:06,132 INFO ru.khachidze.backend.api.service.UserStatusService [scheduling-1] Пользователь dsadas не в сети
2023-12-19 00:29:06,132 INFO ru.khachidze.backend.api.service.UserStatusService [scheduling-1] Пользователь andrey не в сети
2023-12-19 00:29:06,134 INFO ru.khachidze.backend.api.service.UserStatusService [scheduling-1] Пользователь maksim не в сети
2023-12-19 00:29:06,135 INFO ru.khachidze.backend.api.service.UserStatusService [scheduling-1] Пользователь alena не в сети
2023-12-19 00:29:06,137 INFO ru.khachidze.backend.api.service.UserStatusService [scheduling-1] Пользователь admin не в сети
2023-12-19 00:34:05,923 INFO ru.khachidze.backend.api.service.TokenPurgeTaskService [scheduling-1] Сработал шидулер для удаление просроченных токенов восстановление пароля
2023-12-19 00:34:06,172 INFO ru.khachidze.backend.api.service.UserStatusService [scheduling-1] Сработал шидулер для проверки активности пользователя
2023-12-19 00:34:06,182 INFO ru.khachidze.backend.api.service.UserStatusService [scheduling-1] Пользователь anton не в сети
2023-12-19 00:34:06,183 INFO ru.khachidze.backend.api.service.UserStatusService [scheduling-1] Пользователь masha не в сети
2023-12-19 00:34:06,184 INFO ru.khachidze.backend.api.service.UserStatusService [scheduling-1] Пользователь sadsadsa не в сети
2023-12-19 00:34:06,185 INFO ru.khachidze.backend.api.service.UserStatusService [scheduling-1] Пользователь dsadas не в сети
2023-12-19 00:34:06,187 INFO ru.khachidze.backend.api.service.UserStatusService [scheduling-1] Пользователь andrey не в сети
2023-12-19 00:34:06,187 INFO ru.khachidze.backend.api.service.UserStatusService [scheduling-1] Пользователь maksim не в сети
2023-12-19 00:34:06,187 INFO ru.khachidze.backend.api.service.UserStatusService [scheduling-1] Пользователь alena не в сети
2023-12-19 00:34:06,188 INFO ru.khachidze.backend.api.service.UserStatusService [scheduling-1] Пользователь admin не в сети
2023-12-19 00:39:05,961 INFO ru.khachidze.backend.api.service.TokenPurgeTaskService [scheduling-1] Сработал шидулер для удаление просроченных токенов восстановление пароля
2023-12-19 00:39:06,220 INFO ru.khachidze.backend.api.service.UserStatusService [scheduling-1] Сработал шидулер для проверки активности пользователя
2023-12-19 00:39:06,246 INFO ru.khachidze.backend.api.service.UserStatusService [scheduling-1] Пользователь anton не в сети
2023-12-19 00:39:06,247 INFO ru.khachidze.backend.api.service.UserStatusService [scheduling-1] Пользователь masha не в сети
2023-12-19 00:39:06,248 INFO ru.khachidze.backend.api.service.UserStatusService [scheduling-1] Пользователь sadsadsa не в сети
2023-12-19 00:39:06,248 INFO ru.khachidze.backend.api.service.UserStatusService [scheduling-1] Пользователь dsadas не в сети
2023-12-19 00:39:06,248 INFO ru.khachidze.backend.api.service.UserStatusService [scheduling-1] Пользователь andrey не в сети
2023-12-19 00:39:06,249 INFO ru.khachidze.backend.api.service.UserStatusService [scheduling-1] Пользователь maksim не в сети
2023-12-19 00:39:06,250 INFO ru.khachidze.backend.api.service.UserStatusService [scheduling-1] Пользователь alena не в сети
2023-12-19 00:39:06,250 INFO ru.khachidze.backend.api.service.UserStatusService [scheduling-1] Пользователь admin не в сети
2023-12-19 00:44:06,005 INFO ru.khachidze.backend.api.service.TokenPurgeTaskService [scheduling-1] Сработал шидулер для удаление просроченных токенов восстановление пароля
2023-12-19 00:44:06,284 INFO ru.khachidze.backend.api.service.UserStatusService [scheduling-1] Сработал шидулер для проверки активности пользователя
2023-12-19 00:44:06,292 INFO ru.khachidze.backend.api.service.UserStatusService [scheduling-1] Пользователь anton не в сети
2023-12-19 00:44:06,292 INFO ru.khachidze.backend.api.service.UserStatusService [scheduling-1] Пользователь masha не в сети
2023-12-19 00:44:06,293 INFO ru.khachidze.backend.api.service.UserStatusService [scheduling-1] Пользователь sadsadsa не в сети
2023-12-19 00:44:06,294 INFO ru.khachidze.backend.api.service.UserStatusService [scheduling-1] Пользователь dsadas не в сети
2023-12-19 00:44:06,294 INFO ru.khachidze.backend.api.service.UserStatusService [scheduling-1] Пользователь andrey не в сети
2023-12-19 00:44:06,295 INFO ru.khachidze.backend.api.service.UserStatusService [scheduling-1] Пользователь maksim не в сети
2023-12-19 00:44:06,295 INFO ru.khachidze.backend.api.service.UserStatusService [scheduling-1] Пользователь alena не в сети
2023-12-19 00:44:06,295 INFO ru.khachidze.backend.api.service.UserStatusService [scheduling-1] Пользователь admin не в сети
2023-12-19 00:49:06,048 INFO ru.khachidze.backend.api.service.TokenPurgeTaskService [scheduling-1] Сработал шидулер для удаление просроченных токенов восстановление пароля
2023-12-19 00:49:06,326 INFO ru.khachidze.backend.api.service.UserStatusService [scheduling-1] Сработал шидулер для проверки активности пользователя
2023-12-19 00:49:06,335 INFO ru.khachidze.backend.api.service.UserStatusService [scheduling-1] Пользователь anton не в сети
2023-12-19 00:49:06,335 INFO ru.khachidze.backend.api.service.UserStatusService [scheduling-1] Пользователь masha не в сети
2023-12-19 00:49:06,336 INFO ru.khachidze.backend.api.service.UserStatusService [scheduling-1] Пользователь sadsadsa не в сети
2023-12-19 00:49:06,336 INFO ru.khachidze.backend.api.service.UserStatusService [scheduling-1] Пользователь dsadas не в сети
2023-12-19 00:49:06,337 INFO ru.khachidze.backend.api.service.UserStatusService [scheduling-1] Пользователь andrey не в сети
2023-12-19 00:49:06,337 INFO ru.khachidze.backend.api.service.UserStatusService [scheduling-1] Пользователь maksim не в сети
2023-12-19 00:49:06,338 INFO ru.khachidze.backend.api.service.UserStatusService [scheduling-1] Пользователь alena не в сети
2023-12-19 00:49:06,338 INFO ru.khachidze.backend.api.service.UserStatusService [scheduling-1] Пользователь admin не в сети
2023-12-19 00:54:06,081 INFO ru.khachidze.backend.api.service.TokenPurgeTaskService [scheduling-1] Сработал шидулер для удаление просроченных токенов восстановление пароля
2023-12-19 00:54:06,369 INFO ru.khachidze.backend.api.service.UserStatusService [scheduling-1] Сработал шидулер для проверки активности пользователя
2023-12-19 00:54:06,439 INFO ru.khachidze.backend.api.service.UserStatusService [scheduling-1] Пользователь anton не в сети
2023-12-19 00:54:06,440 INFO ru.khachidze.backend.api.service.UserStatusService [scheduling-1] Пользователь masha не в сети
2023-12-19 00:54:06,441 INFO ru.khachidze.backend.api.service.UserStatusService [scheduling-1] Пользователь sadsadsa не в сети
2023-12-19 00:54:06,441 INFO ru.khachidze.backend.api.service.UserStatusService [scheduling-1] Пользователь dsadas не в сети
2023-12-19 00:54:06,441 INFO ru.khachidze.backend.api.service.UserStatusService [scheduling-1] Пользователь andrey не в сети
2023-12-19 00:54:06,443 INFO ru.khachidze.backend.api.service.UserStatusService [scheduling-1] Пользователь maksim не в сети
2023-12-19 00:54:06,443 INFO ru.khachidze.backend.api.service.UserStatusService [scheduling-1] Пользователь alena не в сети
2023-12-19 00:54:06,443 INFO ru.khachidze.backend.api.service.UserStatusService [scheduling-1] Пользователь admin не в сети
2023-12-19 00:58:08,239 INFO ru.khachidze.backend.api.config.JwtRequestFilter [http-nio-8080-exec-2] Время жизни вышло
2023-12-19 00:58:08,239 INFO ru.khachidze.backend.api.config.JwtRequestFilter [http-nio-8080-exec-1] Время жизни вышло
2023-12-19 00:58:13,861 INFO ru.khachidze.backend.api.service.AuthService [http-nio-8080-exec-6] In createNewUser: Попытка входа пользователя login: alena и password: Wecehrfcf12#
2023-12-19 00:58:14,040 INFO ru.khachidze.backend.api.service.AuthService [http-nio-8080-exec-6] In createNewUser: Пользователю login: alena и password: Wecehrfcf12# успешно выдан токен
2023-12-19 00:58:15,777 INFO ru.khachidze.backend.api.config.JwtRequestFilter [http-nio-8080-exec-9] JwtRequestFilter -> doFilterInternal(): Обновление времени пользователя: alena
2023-12-19 00:58:15,777 INFO ru.khachidze.backend.api.config.JwtRequestFilter [http-nio-8080-exec-7] JwtRequestFilter -> doFilterInternal(): Обновление времени пользователя: alena
2023-12-19 00:59:06,105 INFO ru.khachidze.backend.api.service.TokenPurgeTaskService [scheduling-1] Сработал шидулер для удаление просроченных токенов восстановление пароля
2023-12-19 00:59:06,475 INFO ru.khachidze.backend.api.service.UserStatusService [scheduling-1] Сработал шидулер для проверки активности пользователя
2023-12-19 00:59:06,480 INFO ru.khachidze.backend.api.service.UserStatusService [scheduling-1] Пользователь anton не в сети
2023-12-19 00:59:06,480 INFO ru.khachidze.backend.api.service.UserStatusService [scheduling-1] Пользователь masha не в сети
2023-12-19 00:59:06,482 INFO ru.khachidze.backend.api.service.UserStatusService [scheduling-1] Пользователь sadsadsa не в сети
2023-12-19 00:59:06,482 INFO ru.khachidze.backend.api.service.UserStatusService [scheduling-1] Пользователь dsadas не в сети
2023-12-19 00:59:06,483 INFO ru.khachidze.backend.api.service.UserStatusService [scheduling-1] Пользователь andrey не в сети
2023-12-19 00:59:06,483 INFO ru.khachidze.backend.api.service.UserStatusService [scheduling-1] Пользователь maksim не в сети
2023-12-19 00:59:06,483 INFO ru.khachidze.backend.api.service.UserStatusService [scheduling-1] Пользователь admin не в сети
2023-12-19 01:00:52,135 INFO ru.khachidze.backend.api.config.JwtRequestFilter [http-nio-8080-exec-3] JwtRequestFilter -> doFilterInternal(): Обновление времени пользователя: alena
2023-12-19 01:00:52,135 INFO ru.khachidze.backend.api.config.JwtRequestFilter [http-nio-8080-exec-4] JwtRequestFilter -> doFilterInternal(): Обновление времени пользователя: alena
2023-12-19 01:00:56,298 INFO ru.khachidze.backend.api.config.JwtRequestFilter [http-nio-8080-exec-1] JwtRequestFilter -> doFilterInternal(): Обновление времени пользователя: alena
2023-12-19 01:00:56,302 INFO ru.khachidze.backend.api.config.JwtRequestFilter [http-nio-8080-exec-2] JwtRequestFilter -> doFilterInternal(): Обновление времени пользователя: alena
2023-12-19 01:04:06,279 INFO ru.khachidze.backend.api.service.TokenPurgeTaskService [scheduling-1] Сработал шидулер для удаление просроченных токенов восстановление пароля
2023-12-19 01:04:06,510 INFO ru.khachidze.backend.api.service.UserStatusService [scheduling-1] Сработал шидулер для проверки активности пользователя
2023-12-19 01:04:06,514 INFO ru.khachidze.backend.api.service.UserStatusService [scheduling-1] Пользователь anton не в сети
2023-12-19 01:04:06,514 INFO ru.khachidze.backend.api.service.UserStatusService [scheduling-1] Пользователь masha не в сети
2023-12-19 01:04:06,514 INFO ru.khachidze.backend.api.service.UserStatusService [scheduling-1] Пользователь sadsadsa не в сети
2023-12-19 01:04:06,514 INFO ru.khachidze.backend.api.service.UserStatusService [scheduling-1] Пользователь dsadas не в сети
2023-12-19 01:04:06,514 INFO ru.khachidze.backend.api.service.UserStatusService [scheduling-1] Пользователь andrey не в сети
2023-12-19 01:04:06,518 INFO ru.khachidze.backend.api.service.UserStatusService [scheduling-1] Пользователь maksim не в сети
2023-12-19 01:04:06,518 INFO ru.khachidze.backend.api.service.UserStatusService [scheduling-1] Пользователь alena не в сети
2023-12-19 01:04:06,518 INFO ru.khachidze.backend.api.service.UserStatusService [scheduling-1] Пользователь admin не в сети
2023-12-19 01:08:21,907 INFO ru.khachidze.backend.api.config.JwtRequestFilter [http-nio-8080-exec-9] JwtRequestFilter -> doFilterInternal(): Обновление времени пользователя: alena
2023-12-19 01:08:21,907 INFO ru.khachidze.backend.api.config.JwtRequestFilter [http-nio-8080-exec-7] JwtRequestFilter -> doFilterInternal(): Обновление времени пользователя: alena
2023-12-19 01:09:06,299 INFO ru.khachidze.backend.api.service.TokenPurgeTaskService [scheduling-1] Сработал шидулер для удаление просроченных токенов восстановление пароля
2023-12-19 01:09:06,532 INFO ru.khachidze.backend.api.service.UserStatusService [scheduling-1] Сработал шидулер для проверки активности пользователя
2023-12-19 01:09:06,542 INFO ru.khachidze.backend.api.service.UserStatusService [scheduling-1] Пользователь anton не в сети
2023-12-19 01:09:06,543 INFO ru.khachidze.backend.api.service.UserStatusService [scheduling-1] Пользователь masha не в сети
2023-12-19 01:09:06,543 INFO ru.khachidze.backend.api.service.UserStatusService [scheduling-1] Пользователь sadsadsa не в сети
2023-12-19 01:09:06,544 INFO ru.khachidze.backend.api.service.UserStatusService [scheduling-1] Пользователь dsadas не в сети
2023-12-19 01:09:06,544 INFO ru.khachidze.backend.api.service.UserStatusService [scheduling-1] Пользователь andrey не в сети
2023-12-19 01:09:06,544 INFO ru.khachidze.backend.api.service.UserStatusService [scheduling-1] Пользователь maksim не в сети
2023-12-19 01:09:06,545 INFO ru.khachidze.backend.api.service.UserStatusService [scheduling-1] Пользователь admin не в сети
2023-12-19 01:09:12,234 INFO org.springframework.orm.jpa.LocalContainerEntityManagerFactoryBean [SpringApplicationShutdownHook] Closing JPA EntityManagerFactory for persistence unit 'default'
2023-12-19 01:09:12,293 INFO com.zaxxer.hikari.HikariDataSource [SpringApplicationShutdownHook] HikariPool-1 - Shutdown initiated...
2023-12-19 01:09:12,364 INFO com.zaxxer.hikari.HikariDataSource [SpringApplicationShutdownHook] HikariPool-1 - Shutdown completed.
