2023-12-08 00:19:47,922 INFO org.hibernate.validator.internal.util.Version [background-preinit] HV000001: Hibernate Validator 6.2.0.Final
2023-12-08 00:19:47,942 INFO ru.khachidze.backend.MingleServiceApplication [main] Starting MingleServiceApplication using Java 17.0.2 on LAPTOP-OUHQC63F with PID 2188 (D:\MingleProject\backend\target\classes started by dmitr in D:\MingleProject\backend)
2023-12-08 00:19:47,944 INFO ru.khachidze.backend.MingleServiceApplication [main] No active profile set, falling back to default profiles: default
2023-12-08 00:19:49,518 INFO org.springframework.data.repository.config.RepositoryConfigurationDelegate [main] Bootstrapping Spring Data JPA repositories in DEFAULT mode.
2023-12-08 00:19:49,626 INFO org.springframework.data.repository.config.RepositoryConfigurationDelegate [main] Finished Spring Data repository scanning in 92 ms. Found 3 JPA repository interfaces.
2023-12-08 00:19:50,236 INFO org.springframework.context.support.PostProcessorRegistrationDelegate$BeanPostProcessorChecker [main] Bean 'org.springframework.security.access.expression.method.DefaultMethodSecurityExpressionHandler@7f353d99' of type [org.springframework.security.access.expression.method.DefaultMethodSecurityExpressionHandler] is not eligible for getting processed by all BeanPostProcessors (for example: not eligible for auto-proxying)
2023-12-08 00:19:50,249 INFO org.springframework.context.support.PostProcessorRegistrationDelegate$BeanPostProcessorChecker [main] Bean 'methodSecurityMetadataSource' of type [org.springframework.security.access.method.DelegatingMethodSecurityMetadataSource] is not eligible for getting processed by all BeanPostProcessors (for example: not eligible for auto-proxying)
2023-12-08 00:19:50,847 INFO org.springframework.boot.web.embedded.tomcat.TomcatWebServer [main] Tomcat initialized with port(s): 8080 (http)
2023-12-08 00:19:50,866 INFO org.apache.coyote.http11.Http11NioProtocol [main] Initializing ProtocolHandler ["http-nio-8080"]
2023-12-08 00:19:50,867 INFO org.apache.catalina.core.StandardService [main] Starting service [Tomcat]
2023-12-08 00:19:50,867 INFO org.apache.catalina.core.StandardEngine [main] Starting Servlet engine: [Apache Tomcat/9.0.52]
2023-12-08 00:19:51,135 INFO org.apache.catalina.core.ContainerBase.[Tomcat].[localhost].[/] [main] Initializing Spring embedded WebApplicationContext
2023-12-08 00:19:51,135 INFO org.springframework.boot.web.servlet.context.ServletWebServerApplicationContext [main] Root WebApplicationContext: initialization completed in 3095 ms
2023-12-08 00:19:51,395 INFO com.zaxxer.hikari.HikariDataSource [main] HikariPool-1 - Starting...
2023-12-08 00:19:51,816 INFO com.zaxxer.hikari.HikariDataSource [main] HikariPool-1 - Start completed.
2023-12-08 00:19:52,631 INFO liquibase.lockservice [main] Successfully acquired change log lock
2023-12-08 00:19:53,156 INFO liquibase.changelog [main] Reading from public.databasechangelog
2023-12-08 00:19:53,207 INFO liquibase.lockservice [main] Successfully released change log lock
2023-12-08 00:19:53,213 INFO liquibase.lockservice [main] Successfully acquired change log lock
2023-12-08 00:19:53,214 WARN liquibase.hub [main] Skipping auto-registration
2023-12-08 00:19:53,222 INFO liquibase.lockservice [main] Successfully released change log lock
2023-12-08 00:19:53,349 INFO org.hibernate.jpa.internal.util.LogHelper [main] HHH000204: Processing PersistenceUnitInfo [name: default]
2023-12-08 00:19:53,471 INFO org.hibernate.Version [main] HHH000412: Hibernate ORM core version 5.4.32.Final
2023-12-08 00:19:53,737 INFO org.hibernate.annotations.common.Version [main] HCANN000001: Hibernate Commons Annotations {5.1.2.Final}
2023-12-08 00:19:53,921 INFO org.hibernate.dialect.Dialect [main] HHH000400: Using dialect: org.hibernate.dialect.PostgreSQL10Dialect
2023-12-08 00:19:54,848 INFO org.hibernate.engine.transaction.jta.platform.internal.JtaPlatformInitiator [main] HHH000490: Using JtaPlatform implementation: [org.hibernate.engine.transaction.jta.platform.internal.NoJtaPlatform]
2023-12-08 00:19:54,863 INFO org.springframework.orm.jpa.LocalContainerEntityManagerFactoryBean [main] Initialized JPA EntityManagerFactory for persistence unit 'default'
2023-12-08 00:19:55,903 INFO org.springframework.security.web.DefaultSecurityFilterChain [main] Will secure any request with [org.springframework.security.web.context.request.async.WebAsyncManagerIntegrationFilter@6768dc74, org.springframework.security.web.context.SecurityContextPersistenceFilter@38d9c9c4, org.springframework.security.web.header.HeaderWriterFilter@36e9794c, org.springframework.security.web.authentication.logout.LogoutFilter@48b744fd, ru.khachidze.backend.api.config.JwtRequestFilter@40247d48, org.springframework.security.web.savedrequest.RequestCacheAwareFilter@3687b83c, org.springframework.security.web.servletapi.SecurityContextHolderAwareRequestFilter@2703785e, org.springframework.security.web.authentication.AnonymousAuthenticationFilter@31dbca5d, org.springframework.security.web.session.SessionManagementFilter@29b2a94c, org.springframework.security.web.access.ExceptionTranslationFilter@5cdf61d, org.springframework.security.web.access.intercept.FilterSecurityInterceptor@5da41d02]
2023-12-08 00:19:55,998 WARN org.springframework.boot.autoconfigure.orm.jpa.JpaBaseConfiguration$JpaWebConfiguration [main] spring.jpa.open-in-view is enabled by default. Therefore, database queries may be performed during view rendering. Explicitly configure spring.jpa.open-in-view to disable this warning
2023-12-08 00:19:56,535 INFO org.apache.coyote.http11.Http11NioProtocol [main] Starting ProtocolHandler ["http-nio-8080"]
2023-12-08 00:19:56,569 INFO org.springframework.boot.web.embedded.tomcat.TomcatWebServer [main] Tomcat started on port(s): 8080 (http) with context path ''
2023-12-08 00:19:56,585 INFO ru.khachidze.backend.MingleServiceApplication [main] Started MingleServiceApplication in 9.593 seconds (JVM running for 10.844)
2023-12-08 00:19:56,598 INFO ru.khachidze.backend.api.service.TokenPurgeTaskService [scheduling-1] Сработал шидулер
2023-12-08 00:21:14,292 INFO org.springframework.orm.jpa.LocalContainerEntityManagerFactoryBean [SpringApplicationShutdownHook] Closing JPA EntityManagerFactory for persistence unit 'default'
2023-12-08 00:21:14,300 INFO com.zaxxer.hikari.HikariDataSource [SpringApplicationShutdownHook] HikariPool-1 - Shutdown initiated...
2023-12-08 00:21:14,318 INFO com.zaxxer.hikari.HikariDataSource [SpringApplicationShutdownHook] HikariPool-1 - Shutdown completed.
2023-12-08 00:21:22,695 INFO org.hibernate.validator.internal.util.Version [background-preinit] HV000001: Hibernate Validator 6.2.0.Final
2023-12-08 00:21:22,720 INFO ru.khachidze.backend.MingleServiceApplication [main] Starting MingleServiceApplication using Java 17.0.2 on LAPTOP-OUHQC63F with PID 15820 (D:\MingleProject\backend\target\classes started by dmitr in D:\MingleProject\backend)
2023-12-08 00:21:22,721 INFO ru.khachidze.backend.MingleServiceApplication [main] No active profile set, falling back to default profiles: default
2023-12-08 00:21:24,180 INFO org.springframework.data.repository.config.RepositoryConfigurationDelegate [main] Bootstrapping Spring Data JPA repositories in DEFAULT mode.
2023-12-08 00:21:24,290 INFO org.springframework.data.repository.config.RepositoryConfigurationDelegate [main] Finished Spring Data repository scanning in 94 ms. Found 3 JPA repository interfaces.
2023-12-08 00:21:24,928 INFO org.springframework.context.support.PostProcessorRegistrationDelegate$BeanPostProcessorChecker [main] Bean 'org.springframework.security.access.expression.method.DefaultMethodSecurityExpressionHandler@4fc3c165' of type [org.springframework.security.access.expression.method.DefaultMethodSecurityExpressionHandler] is not eligible for getting processed by all BeanPostProcessors (for example: not eligible for auto-proxying)
2023-12-08 00:21:24,943 INFO org.springframework.context.support.PostProcessorRegistrationDelegate$BeanPostProcessorChecker [main] Bean 'methodSecurityMetadataSource' of type [org.springframework.security.access.method.DelegatingMethodSecurityMetadataSource] is not eligible for getting processed by all BeanPostProcessors (for example: not eligible for auto-proxying)
2023-12-08 00:21:25,575 INFO org.springframework.boot.web.embedded.tomcat.TomcatWebServer [main] Tomcat initialized with port(s): 8080 (http)
2023-12-08 00:21:25,613 INFO org.apache.coyote.http11.Http11NioProtocol [main] Initializing ProtocolHandler ["http-nio-8080"]
2023-12-08 00:21:25,615 INFO org.apache.catalina.core.StandardService [main] Starting service [Tomcat]
2023-12-08 00:21:25,617 INFO org.apache.catalina.core.StandardEngine [main] Starting Servlet engine: [Apache Tomcat/9.0.52]
2023-12-08 00:21:25,870 INFO org.apache.catalina.core.ContainerBase.[Tomcat].[localhost].[/] [main] Initializing Spring embedded WebApplicationContext
2023-12-08 00:21:25,871 INFO org.springframework.boot.web.servlet.context.ServletWebServerApplicationContext [main] Root WebApplicationContext: initialization completed in 3060 ms
2023-12-08 00:21:26,113 INFO com.zaxxer.hikari.HikariDataSource [main] HikariPool-1 - Starting...
2023-12-08 00:21:26,445 INFO com.zaxxer.hikari.HikariDataSource [main] HikariPool-1 - Start completed.
2023-12-08 00:21:27,068 INFO liquibase.lockservice [main] Successfully acquired change log lock
2023-12-08 00:21:27,490 INFO liquibase.changelog [main] Reading from public.databasechangelog
2023-12-08 00:21:27,538 INFO liquibase.lockservice [main] Successfully released change log lock
2023-12-08 00:21:27,543 INFO liquibase.lockservice [main] Successfully acquired change log lock
2023-12-08 00:21:27,545 WARN liquibase.hub [main] Skipping auto-registration
2023-12-08 00:21:27,552 INFO liquibase.lockservice [main] Successfully released change log lock
2023-12-08 00:21:27,672 INFO org.hibernate.jpa.internal.util.LogHelper [main] HHH000204: Processing PersistenceUnitInfo [name: default]
2023-12-08 00:21:27,798 INFO org.hibernate.Version [main] HHH000412: Hibernate ORM core version 5.4.32.Final
2023-12-08 00:21:28,048 INFO org.hibernate.annotations.common.Version [main] HCANN000001: Hibernate Commons Annotations {5.1.2.Final}
2023-12-08 00:21:28,219 INFO org.hibernate.dialect.Dialect [main] HHH000400: Using dialect: org.hibernate.dialect.PostgreSQL10Dialect
2023-12-08 00:21:29,087 INFO org.hibernate.engine.transaction.jta.platform.internal.JtaPlatformInitiator [main] HHH000490: Using JtaPlatform implementation: [org.hibernate.engine.transaction.jta.platform.internal.NoJtaPlatform]
2023-12-08 00:21:29,097 INFO org.springframework.orm.jpa.LocalContainerEntityManagerFactoryBean [main] Initialized JPA EntityManagerFactory for persistence unit 'default'
2023-12-08 00:21:30,369 INFO org.springframework.security.web.DefaultSecurityFilterChain [main] Will secure any request with [org.springframework.security.web.context.request.async.WebAsyncManagerIntegrationFilter@6a233d33, org.springframework.security.web.context.SecurityContextPersistenceFilter@949165f, org.springframework.security.web.header.HeaderWriterFilter@7f5c4ff8, org.springframework.security.web.authentication.logout.LogoutFilter@4b8ac512, ru.khachidze.backend.api.config.JwtRequestFilter@67536ae0, org.springframework.security.web.savedrequest.RequestCacheAwareFilter@2472ba04, org.springframework.security.web.servletapi.SecurityContextHolderAwareRequestFilter@1e186006, org.springframework.security.web.authentication.AnonymousAuthenticationFilter@7da0587a, org.springframework.security.web.session.SessionManagementFilter@45f4c27c, org.springframework.security.web.access.ExceptionTranslationFilter@4f0f56f5, org.springframework.security.web.access.intercept.FilterSecurityInterceptor@5cb64b9c]
2023-12-08 00:21:30,475 WARN org.springframework.boot.autoconfigure.orm.jpa.JpaBaseConfiguration$JpaWebConfiguration [main] spring.jpa.open-in-view is enabled by default. Therefore, database queries may be performed during view rendering. Explicitly configure spring.jpa.open-in-view to disable this warning
2023-12-08 00:21:31,168 INFO org.springframework.boot.web.embedded.tomcat.TomcatWebServer [main] Tomcat started on port(s): 8080 (http) with context path ''
2023-12-08 00:21:31,191 INFO ru.khachidze.backend.MingleServiceApplication [main] Started MingleServiceApplication in 9.195 seconds (JVM running for 10.193)
2023-12-08 00:21:31,214 INFO ru.khachidze.backend.api.service.TokenPurgeTaskService [scheduling-1] Сработал шидулер
2023-12-08 00:21:31,231 INFO org.springframework.orm.jpa.LocalContainerEntityManagerFactoryBean [SpringApplicationShutdownHook] Closing JPA EntityManagerFactory for persistence unit 'default'
2023-12-08 00:21:31,234 INFO com.zaxxer.hikari.HikariDataSource [SpringApplicationShutdownHook] HikariPool-1 - Shutdown initiated...
2023-12-08 00:21:31,245 ERROR org.springframework.scheduling.support.TaskUtils$LoggingErrorHandler [scheduling-1] Unexpected error occurred in scheduled task
org.springframework.beans.factory.BeanCreationNotAllowedException: Error creating bean with name 'dataSourceScriptDatabaseInitializer': Singleton bean creation not allowed while singletons of this factory are in destruction (Do not request a bean from a BeanFactory in a destroy method implementation!)
	at org.springframework.beans.factory.support.DefaultSingletonBeanRegistry.getSingleton(DefaultSingletonBeanRegistry.java:220)
	at org.springframework.beans.factory.support.AbstractBeanFactory.doGetBean(AbstractBeanFactory.java:333)
	at org.springframework.beans.factory.support.AbstractBeanFactory.getBean(AbstractBeanFactory.java:208)
	at org.springframework.beans.factory.support.AbstractBeanFactory.doGetBean(AbstractBeanFactory.java:322)
	at org.springframework.beans.factory.support.AbstractBeanFactory.getBean(AbstractBeanFactory.java:208)
	at org.springframework.beans.factory.support.DefaultListableBeanFactory$1.orderedStream(DefaultListableBeanFactory.java:481)
	at org.springframework.dao.support.PersistenceExceptionTranslationInterceptor.detectPersistenceExceptionTranslators(PersistenceExceptionTranslationInterceptor.java:167)
	at org.springframework.dao.support.PersistenceExceptionTranslationInterceptor.invoke(PersistenceExceptionTranslationInterceptor.java:149)
	at org.springframework.aop.framework.ReflectiveMethodInvocation.proceed(ReflectiveMethodInvocation.java:186)
	at org.springframework.data.repository.core.support.SurroundingTransactionDetectorMethodInterceptor.invoke(SurroundingTransactionDetectorMethodInterceptor.java:61)
	at org.springframework.aop.framework.ReflectiveMethodInvocation.proceed(ReflectiveMethodInvocation.java:186)
	at org.springframework.data.jpa.repository.support.CrudMethodMetadataPostProcessor$CrudMethodMetadataPopulatingMethodInterceptor.invoke(CrudMethodMetadataPostProcessor.java:145)
	at org.springframework.aop.framework.ReflectiveMethodInvocation.proceed(ReflectiveMethodInvocation.java:186)
	at org.springframework.aop.interceptor.ExposeInvocationInterceptor.invoke(ExposeInvocationInterceptor.java:97)
	at org.springframework.aop.framework.ReflectiveMethodInvocation.proceed(ReflectiveMethodInvocation.java:186)
	at org.springframework.aop.framework.JdkDynamicAopProxy.invoke(JdkDynamicAopProxy.java:215)
	at jdk.proxy2/jdk.proxy2.$Proxy111.deleteAllExpiredSince(Unknown Source)
	at ru.khachidze.backend.api.service.TokenPurgeTaskService.purgeExpired(TokenPurgeTaskService.java:27)
	at ru.khachidze.backend.api.service.TokenPurgeTaskService$$FastClassBySpringCGLIB$$2ac1234d.invoke(<generated>)
	at org.springframework.cglib.proxy.MethodProxy.invoke(MethodProxy.java:218)
	at org.springframework.aop.framework.CglibAopProxy$CglibMethodInvocation.invokeJoinpoint(CglibAopProxy.java:779)
	at org.springframework.aop.framework.ReflectiveMethodInvocation.proceed(ReflectiveMethodInvocation.java:163)
	at org.springframework.aop.framework.CglibAopProxy$CglibMethodInvocation.proceed(CglibAopProxy.java:750)
	at org.springframework.transaction.interceptor.TransactionInterceptor$1.proceedWithInvocation(TransactionInterceptor.java:123)
	at org.springframework.transaction.interceptor.TransactionAspectSupport.invokeWithinTransaction(TransactionAspectSupport.java:388)
	at org.springframework.transaction.interceptor.TransactionInterceptor.invoke(TransactionInterceptor.java:119)
	at org.springframework.aop.framework.ReflectiveMethodInvocation.proceed(ReflectiveMethodInvocation.java:186)
	at org.springframework.aop.framework.CglibAopProxy$CglibMethodInvocation.proceed(CglibAopProxy.java:750)
	at org.springframework.aop.framework.CglibAopProxy$DynamicAdvisedInterceptor.intercept(CglibAopProxy.java:692)
	at ru.khachidze.backend.api.service.TokenPurgeTaskService$$EnhancerBySpringCGLIB$$a6979197.purgeExpired(<generated>)
	at java.base/jdk.internal.reflect.NativeMethodAccessorImpl.invoke0(Native Method)
	at java.base/jdk.internal.reflect.NativeMethodAccessorImpl.invoke(NativeMethodAccessorImpl.java:77)
	at java.base/jdk.internal.reflect.DelegatingMethodAccessorImpl.invoke(DelegatingMethodAccessorImpl.java:43)
	at java.base/java.lang.reflect.Method.invoke(Method.java:568)
	at org.springframework.scheduling.support.ScheduledMethodRunnable.run(ScheduledMethodRunnable.java:84)
	at org.springframework.scheduling.support.DelegatingErrorHandlingRunnable.run(DelegatingErrorHandlingRunnable.java:54)
	at java.base/java.util.concurrent.Executors$RunnableAdapter.call(Executors.java:539)
	at java.base/java.util.concurrent.FutureTask.runAndReset(FutureTask.java:305)
	at java.base/java.util.concurrent.ScheduledThreadPoolExecutor$ScheduledFutureTask.run(ScheduledThreadPoolExecutor.java:305)
	at java.base/java.util.concurrent.ThreadPoolExecutor.runWorker(ThreadPoolExecutor.java:1136)
	at java.base/java.util.concurrent.ThreadPoolExecutor$Worker.run(ThreadPoolExecutor.java:635)
	at java.base/java.lang.Thread.run(Thread.java:833)
2023-12-08 00:21:31,257 INFO com.zaxxer.hikari.HikariDataSource [SpringApplicationShutdownHook] HikariPool-1 - Shutdown completed.
2023-12-08 00:25:30,146 INFO org.hibernate.validator.internal.util.Version [background-preinit] HV000001: Hibernate Validator 6.2.0.Final
2023-12-08 00:25:30,156 INFO ru.khachidze.backend.MingleServiceApplication [main] Starting MingleServiceApplication using Java 17.0.2 on LAPTOP-OUHQC63F with PID 19344 (D:\MingleProject\backend\target\classes started by dmitr in D:\MingleProject\backend)
2023-12-08 00:25:30,157 INFO ru.khachidze.backend.MingleServiceApplication [main] No active profile set, falling back to default profiles: default
2023-12-08 00:25:31,916 INFO org.springframework.data.repository.config.RepositoryConfigurationDelegate [main] Bootstrapping Spring Data JPA repositories in DEFAULT mode.
2023-12-08 00:25:32,045 INFO org.springframework.data.repository.config.RepositoryConfigurationDelegate [main] Finished Spring Data repository scanning in 112 ms. Found 3 JPA repository interfaces.
2023-12-08 00:25:32,760 INFO org.springframework.context.support.PostProcessorRegistrationDelegate$BeanPostProcessorChecker [main] Bean 'org.springframework.security.access.expression.method.DefaultMethodSecurityExpressionHandler@10a0fe30' of type [org.springframework.security.access.expression.method.DefaultMethodSecurityExpressionHandler] is not eligible for getting processed by all BeanPostProcessors (for example: not eligible for auto-proxying)
2023-12-08 00:25:32,775 INFO org.springframework.context.support.PostProcessorRegistrationDelegate$BeanPostProcessorChecker [main] Bean 'methodSecurityMetadataSource' of type [org.springframework.security.access.method.DelegatingMethodSecurityMetadataSource] is not eligible for getting processed by all BeanPostProcessors (for example: not eligible for auto-proxying)
2023-12-08 00:25:33,887 INFO org.springframework.boot.web.embedded.tomcat.TomcatWebServer [main] Tomcat initialized with port(s): 8080 (http)
2023-12-08 00:25:33,913 INFO org.apache.coyote.http11.Http11NioProtocol [main] Initializing ProtocolHandler ["http-nio-8080"]
2023-12-08 00:25:33,915 INFO org.apache.catalina.core.StandardService [main] Starting service [Tomcat]
2023-12-08 00:25:33,916 INFO org.apache.catalina.core.StandardEngine [main] Starting Servlet engine: [Apache Tomcat/9.0.52]
2023-12-08 00:25:34,141 INFO org.apache.catalina.core.ContainerBase.[Tomcat].[localhost].[/] [main] Initializing Spring embedded WebApplicationContext
2023-12-08 00:25:34,143 INFO org.springframework.boot.web.servlet.context.ServletWebServerApplicationContext [main] Root WebApplicationContext: initialization completed in 3874 ms
2023-12-08 00:25:34,628 INFO com.zaxxer.hikari.HikariDataSource [main] HikariPool-1 - Starting...
2023-12-08 00:25:35,209 INFO com.zaxxer.hikari.HikariDataSource [main] HikariPool-1 - Start completed.
2023-12-08 00:25:36,582 INFO liquibase.lockservice [main] Successfully acquired change log lock
2023-12-08 00:25:37,140 INFO liquibase.changelog [main] Reading from public.databasechangelog
2023-12-08 00:25:37,196 INFO liquibase.lockservice [main] Successfully released change log lock
2023-12-08 00:25:37,203 INFO liquibase.lockservice [main] Successfully acquired change log lock
2023-12-08 00:25:37,204 WARN liquibase.hub [main] Skipping auto-registration
2023-12-08 00:25:37,213 INFO liquibase.lockservice [main] Successfully released change log lock
2023-12-08 00:25:37,457 INFO org.hibernate.jpa.internal.util.LogHelper [main] HHH000204: Processing PersistenceUnitInfo [name: default]
2023-12-08 00:25:37,612 INFO org.hibernate.Version [main] HHH000412: Hibernate ORM core version 5.4.32.Final
2023-12-08 00:25:37,953 INFO org.hibernate.annotations.common.Version [main] HCANN000001: Hibernate Commons Annotations {5.1.2.Final}
2023-12-08 00:25:38,275 INFO org.hibernate.dialect.Dialect [main] HHH000400: Using dialect: org.hibernate.dialect.PostgreSQL10Dialect
2023-12-08 00:25:39,635 INFO org.hibernate.engine.transaction.jta.platform.internal.JtaPlatformInitiator [main] HHH000490: Using JtaPlatform implementation: [org.hibernate.engine.transaction.jta.platform.internal.NoJtaPlatform]
2023-12-08 00:25:39,651 INFO org.springframework.orm.jpa.LocalContainerEntityManagerFactoryBean [main] Initialized JPA EntityManagerFactory for persistence unit 'default'
2023-12-08 00:25:41,247 INFO org.springframework.security.web.DefaultSecurityFilterChain [main] Will secure any request with [org.springframework.security.web.context.request.async.WebAsyncManagerIntegrationFilter@969c2f9, org.springframework.security.web.context.SecurityContextPersistenceFilter@4e22dadb, org.springframework.security.web.header.HeaderWriterFilter@1e186006, org.springframework.security.web.authentication.logout.LogoutFilter@6768dc74, ru.khachidze.backend.api.config.JwtRequestFilter@6413d7e7, org.springframework.security.web.savedrequest.RequestCacheAwareFilter@1a916120, org.springframework.security.web.servletapi.SecurityContextHolderAwareRequestFilter@2d91147b, org.springframework.security.web.authentication.AnonymousAuthenticationFilter@7bbc11ed, org.springframework.security.web.session.SessionManagementFilter@5f93ec02, org.springframework.security.web.access.ExceptionTranslationFilter@5bb45afc, org.springframework.security.web.access.intercept.FilterSecurityInterceptor@6347f9cc]
2023-12-08 00:25:41,356 WARN org.springframework.boot.autoconfigure.orm.jpa.JpaBaseConfiguration$JpaWebConfiguration [main] spring.jpa.open-in-view is enabled by default. Therefore, database queries may be performed during view rendering. Explicitly configure spring.jpa.open-in-view to disable this warning
2023-12-08 00:25:42,189 INFO org.apache.coyote.http11.Http11NioProtocol [main] Starting ProtocolHandler ["http-nio-8080"]
2023-12-08 00:25:42,274 INFO org.springframework.boot.web.embedded.tomcat.TomcatWebServer [main] Tomcat started on port(s): 8080 (http) with context path ''
2023-12-08 00:25:42,309 INFO ru.khachidze.backend.MingleServiceApplication [main] Started MingleServiceApplication in 12.875 seconds (JVM running for 14.042)
2023-12-08 00:25:42,334 INFO ru.khachidze.backend.api.service.TokenPurgeTaskService [scheduling-1] Сработал шидулер
2023-12-08 00:26:12,867 INFO org.apache.catalina.core.ContainerBase.[Tomcat].[localhost].[/] [http-nio-8080-exec-1] Initializing Spring DispatcherServlet 'dispatcherServlet'
2023-12-08 00:26:12,867 INFO org.springframework.web.servlet.DispatcherServlet [http-nio-8080-exec-1] Initializing Servlet 'dispatcherServlet'
2023-12-08 00:26:12,874 INFO org.springframework.web.servlet.DispatcherServlet [http-nio-8080-exec-1] Completed initialization in 6 ms
2023-12-08 00:26:13,772 ERROR org.apache.catalina.core.ContainerBase.[Tomcat].[localhost].[/].[dispatcherServlet] [http-nio-8080-exec-1] Servlet.service() for servlet [dispatcherServlet] in context with path [] threw exception [Request processing failed; nested exception is java.util.NoSuchElementException: No value present] with root cause
java.util.NoSuchElementException: No value present
	at java.base/java.util.Optional.get(Optional.java:143)
	at ru.khachidze.backend.api.service.RoleService.getUserRole(RoleService.java:16)
	at ru.khachidze.backend.api.service.UserService.createNewUser(UserService.java:142)
	at ru.khachidze.backend.api.service.UserService$$FastClassBySpringCGLIB$$3bf4c699.invoke(<generated>)
	at org.springframework.cglib.proxy.MethodProxy.invoke(MethodProxy.java:218)
	at org.springframework.aop.framework.CglibAopProxy$CglibMethodInvocation.invokeJoinpoint(CglibAopProxy.java:779)
	at org.springframework.aop.framework.ReflectiveMethodInvocation.proceed(ReflectiveMethodInvocation.java:163)
	at org.springframework.aop.framework.CglibAopProxy$CglibMethodInvocation.proceed(CglibAopProxy.java:750)
	at org.springframework.transaction.interceptor.TransactionInterceptor$1.proceedWithInvocation(TransactionInterceptor.java:123)
	at org.springframework.transaction.interceptor.TransactionAspectSupport.invokeWithinTransaction(TransactionAspectSupport.java:388)
	at org.springframework.transaction.interceptor.TransactionInterceptor.invoke(TransactionInterceptor.java:119)
	at org.springframework.aop.framework.ReflectiveMethodInvocation.proceed(ReflectiveMethodInvocation.java:186)
	at org.springframework.aop.framework.CglibAopProxy$CglibMethodInvocation.proceed(CglibAopProxy.java:750)
	at org.springframework.aop.framework.CglibAopProxy$DynamicAdvisedInterceptor.intercept(CglibAopProxy.java:692)
	at ru.khachidze.backend.api.service.UserService$$EnhancerBySpringCGLIB$$b16b556b.createNewUser(<generated>)
	at ru.khachidze.backend.api.service.AuthService.createNewUser(AuthService.java:57)
	at ru.khachidze.backend.api.controller.AuthController.createNewUser(AuthController.java:45)
	at ru.khachidze.backend.api.controller.AuthController$$FastClassBySpringCGLIB$$22deba1e.invoke(<generated>)
	at org.springframework.cglib.proxy.MethodProxy.invoke(MethodProxy.java:218)
	at org.springframework.aop.framework.CglibAopProxy$CglibMethodInvocation.invokeJoinpoint(CglibAopProxy.java:779)
	at org.springframework.aop.framework.ReflectiveMethodInvocation.proceed(ReflectiveMethodInvocation.java:163)
	at org.springframework.aop.framework.CglibAopProxy$CglibMethodInvocation.proceed(CglibAopProxy.java:750)
	at org.springframework.validation.beanvalidation.MethodValidationInterceptor.invoke(MethodValidationInterceptor.java:123)
	at org.springframework.aop.framework.ReflectiveMethodInvocation.proceed(ReflectiveMethodInvocation.java:186)
	at org.springframework.aop.framework.CglibAopProxy$CglibMethodInvocation.proceed(CglibAopProxy.java:750)
	at org.springframework.aop.framework.CglibAopProxy$DynamicAdvisedInterceptor.intercept(CglibAopProxy.java:692)
	at ru.khachidze.backend.api.controller.AuthController$$EnhancerBySpringCGLIB$$888ad039.createNewUser(<generated>)
	at java.base/jdk.internal.reflect.NativeMethodAccessorImpl.invoke0(Native Method)
	at java.base/jdk.internal.reflect.NativeMethodAccessorImpl.invoke(NativeMethodAccessorImpl.java:77)
	at java.base/jdk.internal.reflect.DelegatingMethodAccessorImpl.invoke(DelegatingMethodAccessorImpl.java:43)
	at java.base/java.lang.reflect.Method.invoke(Method.java:568)
	at org.springframework.web.method.support.InvocableHandlerMethod.doInvoke(InvocableHandlerMethod.java:197)
	at org.springframework.web.method.support.InvocableHandlerMethod.invokeForRequest(InvocableHandlerMethod.java:141)
	at org.springframework.web.servlet.mvc.method.annotation.ServletInvocableHandlerMethod.invokeAndHandle(ServletInvocableHandlerMethod.java:106)
	at org.springframework.web.servlet.mvc.method.annotation.RequestMappingHandlerAdapter.invokeHandlerMethod(RequestMappingHandlerAdapter.java:895)
	at org.springframework.web.servlet.mvc.method.annotation.RequestMappingHandlerAdapter.handleInternal(RequestMappingHandlerAdapter.java:808)
	at org.springframework.web.servlet.mvc.method.AbstractHandlerMethodAdapter.handle(AbstractHandlerMethodAdapter.java:87)
	at org.springframework.web.servlet.DispatcherServlet.doDispatch(DispatcherServlet.java:1064)
	at org.springframework.web.servlet.DispatcherServlet.doService(DispatcherServlet.java:963)
	at org.springframework.web.servlet.FrameworkServlet.processRequest(FrameworkServlet.java:1006)
	at org.springframework.web.servlet.FrameworkServlet.doPost(FrameworkServlet.java:909)
	at javax.servlet.http.HttpServlet.service(HttpServlet.java:681)
	at org.springframework.web.servlet.FrameworkServlet.service(FrameworkServlet.java:883)
	at javax.servlet.http.HttpServlet.service(HttpServlet.java:764)
	at org.apache.catalina.core.ApplicationFilterChain.internalDoFilter(ApplicationFilterChain.java:227)
	at org.apache.catalina.core.ApplicationFilterChain.doFilter(ApplicationFilterChain.java:162)
	at org.apache.tomcat.websocket.server.WsFilter.doFilter(WsFilter.java:53)
	at org.apache.catalina.core.ApplicationFilterChain.internalDoFilter(ApplicationFilterChain.java:189)
	at org.apache.catalina.core.ApplicationFilterChain.doFilter(ApplicationFilterChain.java:162)
	at org.springframework.web.filter.OncePerRequestFilter.doFilter(OncePerRequestFilter.java:113)
	at org.apache.catalina.core.ApplicationFilterChain.internalDoFilter(ApplicationFilterChain.java:189)
	at org.apache.catalina.core.ApplicationFilterChain.doFilter(ApplicationFilterChain.java:162)
	at org.springframework.security.web.FilterChainProxy$VirtualFilterChain.doFilter(FilterChainProxy.java:327)
	at org.springframework.security.web.access.intercept.FilterSecurityInterceptor.invoke(FilterSecurityInterceptor.java:115)
	at org.springframework.security.web.access.intercept.FilterSecurityInterceptor.doFilter(FilterSecurityInterceptor.java:81)
	at org.springframework.security.web.FilterChainProxy$VirtualFilterChain.doFilter(FilterChainProxy.java:336)
	at org.springframework.security.web.access.ExceptionTranslationFilter.doFilter(ExceptionTranslationFilter.java:121)
	at org.springframework.security.web.access.ExceptionTranslationFilter.doFilter(ExceptionTranslationFilter.java:115)
	at org.springframework.security.web.FilterChainProxy$VirtualFilterChain.doFilter(FilterChainProxy.java:336)
	at org.springframework.security.web.session.SessionManagementFilter.doFilter(SessionManagementFilter.java:126)
	at org.springframework.security.web.session.SessionManagementFilter.doFilter(SessionManagementFilter.java:81)
	at org.springframework.security.web.FilterChainProxy$VirtualFilterChain.doFilter(FilterChainProxy.java:336)
	at org.springframework.security.web.authentication.AnonymousAuthenticationFilter.doFilter(AnonymousAuthenticationFilter.java:105)
	at org.springframework.security.web.FilterChainProxy$VirtualFilterChain.doFilter(FilterChainProxy.java:336)
	at org.springframework.security.web.servletapi.SecurityContextHolderAwareRequestFilter.doFilter(SecurityContextHolderAwareRequestFilter.java:149)
	at org.springframework.security.web.FilterChainProxy$VirtualFilterChain.doFilter(FilterChainProxy.java:336)
	at org.springframework.security.web.savedrequest.RequestCacheAwareFilter.doFilter(RequestCacheAwareFilter.java:63)
	at org.springframework.security.web.FilterChainProxy$VirtualFilterChain.doFilter(FilterChainProxy.java:336)
	at ru.khachidze.backend.api.config.JwtRequestFilter.doFilterInternal(JwtRequestFilter.java:56)
	at org.springframework.web.filter.OncePerRequestFilter.doFilter(OncePerRequestFilter.java:119)
	at org.springframework.security.web.FilterChainProxy$VirtualFilterChain.doFilter(FilterChainProxy.java:336)
	at org.springframework.security.web.authentication.logout.LogoutFilter.doFilter(LogoutFilter.java:103)
	at org.springframework.security.web.authentication.logout.LogoutFilter.doFilter(LogoutFilter.java:89)
	at org.springframework.security.web.FilterChainProxy$VirtualFilterChain.doFilter(FilterChainProxy.java:336)
	at org.springframework.security.web.header.HeaderWriterFilter.doHeadersAfter(HeaderWriterFilter.java:90)
	at org.springframework.security.web.header.HeaderWriterFilter.doFilterInternal(HeaderWriterFilter.java:75)
	at org.springframework.web.filter.OncePerRequestFilter.doFilter(OncePerRequestFilter.java:119)
	at org.springframework.security.web.FilterChainProxy$VirtualFilterChain.doFilter(FilterChainProxy.java:336)
	at org.springframework.security.web.context.SecurityContextPersistenceFilter.doFilter(SecurityContextPersistenceFilter.java:110)
	at org.springframework.security.web.context.SecurityContextPersistenceFilter.doFilter(SecurityContextPersistenceFilter.java:80)
	at org.springframework.security.web.FilterChainProxy$VirtualFilterChain.doFilter(FilterChainProxy.java:336)
	at org.springframework.security.web.context.request.async.WebAsyncManagerIntegrationFilter.doFilterInternal(WebAsyncManagerIntegrationFilter.java:55)
	at org.springframework.web.filter.OncePerRequestFilter.doFilter(OncePerRequestFilter.java:119)
	at org.springframework.security.web.FilterChainProxy$VirtualFilterChain.doFilter(FilterChainProxy.java:336)
	at org.springframework.security.web.FilterChainProxy.doFilterInternal(FilterChainProxy.java:211)
	at org.springframework.security.web.FilterChainProxy.doFilter(FilterChainProxy.java:183)
	at org.springframework.web.filter.DelegatingFilterProxy.invokeDelegate(DelegatingFilterProxy.java:358)
	at org.springframework.web.filter.DelegatingFilterProxy.doFilter(DelegatingFilterProxy.java:271)
	at org.apache.catalina.core.ApplicationFilterChain.internalDoFilter(ApplicationFilterChain.java:189)
	at org.apache.catalina.core.ApplicationFilterChain.doFilter(ApplicationFilterChain.java:162)
	at org.springframework.web.filter.RequestContextFilter.doFilterInternal(RequestContextFilter.java:100)
	at org.springframework.web.filter.OncePerRequestFilter.doFilter(OncePerRequestFilter.java:119)
	at org.apache.catalina.core.ApplicationFilterChain.internalDoFilter(ApplicationFilterChain.java:189)
	at org.apache.catalina.core.ApplicationFilterChain.doFilter(ApplicationFilterChain.java:162)
	at org.springframework.web.filter.FormContentFilter.doFilterInternal(FormContentFilter.java:93)
	at org.springframework.web.filter.OncePerRequestFilter.doFilter(OncePerRequestFilter.java:119)
	at org.apache.catalina.core.ApplicationFilterChain.internalDoFilter(ApplicationFilterChain.java:189)
	at org.apache.catalina.core.ApplicationFilterChain.doFilter(ApplicationFilterChain.java:162)
	at org.springframework.web.filter.CharacterEncodingFilter.doFilterInternal(CharacterEncodingFilter.java:201)
	at org.springframework.web.filter.OncePerRequestFilter.doFilter(OncePerRequestFilter.java:119)
	at org.apache.catalina.core.ApplicationFilterChain.internalDoFilter(ApplicationFilterChain.java:189)
	at org.apache.catalina.core.ApplicationFilterChain.doFilter(ApplicationFilterChain.java:162)
	at org.apache.catalina.core.StandardWrapperValve.invoke(StandardWrapperValve.java:197)
	at org.apache.catalina.core.StandardContextValve.invoke(StandardContextValve.java:97)
	at org.apache.catalina.authenticator.AuthenticatorBase.invoke(AuthenticatorBase.java:542)
	at org.apache.catalina.core.StandardHostValve.invoke(StandardHostValve.java:135)
	at org.apache.catalina.valves.ErrorReportValve.invoke(ErrorReportValve.java:92)
	at org.apache.catalina.core.StandardEngineValve.invoke(StandardEngineValve.java:78)
	at org.apache.catalina.connector.CoyoteAdapter.service(CoyoteAdapter.java:357)
	at org.apache.coyote.http11.Http11Processor.service(Http11Processor.java:382)
	at org.apache.coyote.AbstractProcessorLight.process(AbstractProcessorLight.java:65)
	at org.apache.coyote.AbstractProtocol$ConnectionHandler.process(AbstractProtocol.java:893)
	at org.apache.tomcat.util.net.NioEndpoint$SocketProcessor.doRun(NioEndpoint.java:1726)
	at org.apache.tomcat.util.net.SocketProcessorBase.run(SocketProcessorBase.java:49)
	at org.apache.tomcat.util.threads.ThreadPoolExecutor.runWorker(ThreadPoolExecutor.java:1191)
	at org.apache.tomcat.util.threads.ThreadPoolExecutor$Worker.run(ThreadPoolExecutor.java:659)
	at org.apache.tomcat.util.threads.TaskThread$WrappingRunnable.run(TaskThread.java:61)
	at java.base/java.lang.Thread.run(Thread.java:833)
2023-12-08 00:27:44,248 INFO org.springframework.orm.jpa.LocalContainerEntityManagerFactoryBean [SpringApplicationShutdownHook] Closing JPA EntityManagerFactory for persistence unit 'default'
2023-12-08 00:27:44,252 INFO com.zaxxer.hikari.HikariDataSource [SpringApplicationShutdownHook] HikariPool-1 - Shutdown initiated...
2023-12-08 00:27:44,259 INFO com.zaxxer.hikari.HikariDataSource [SpringApplicationShutdownHook] HikariPool-1 - Shutdown completed.
2023-12-08 00:27:49,253 INFO org.hibernate.validator.internal.util.Version [background-preinit] HV000001: Hibernate Validator 6.2.0.Final
2023-12-08 00:27:49,275 INFO ru.khachidze.backend.MingleServiceApplication [main] Starting MingleServiceApplication using Java 17.0.2 on LAPTOP-OUHQC63F with PID 18196 (D:\MingleProject\backend\target\classes started by dmitr in D:\MingleProject\backend)
2023-12-08 00:27:49,277 INFO ru.khachidze.backend.MingleServiceApplication [main] No active profile set, falling back to default profiles: default
2023-12-08 00:27:50,764 INFO org.springframework.data.repository.config.RepositoryConfigurationDelegate [main] Bootstrapping Spring Data JPA repositories in DEFAULT mode.
2023-12-08 00:27:50,870 INFO org.springframework.data.repository.config.RepositoryConfigurationDelegate [main] Finished Spring Data repository scanning in 92 ms. Found 3 JPA repository interfaces.
2023-12-08 00:27:51,461 INFO org.springframework.context.support.PostProcessorRegistrationDelegate$BeanPostProcessorChecker [main] Bean 'org.springframework.security.access.expression.method.DefaultMethodSecurityExpressionHandler@17f2dd85' of type [org.springframework.security.access.expression.method.DefaultMethodSecurityExpressionHandler] is not eligible for getting processed by all BeanPostProcessors (for example: not eligible for auto-proxying)
2023-12-08 00:27:51,474 INFO org.springframework.context.support.PostProcessorRegistrationDelegate$BeanPostProcessorChecker [main] Bean 'methodSecurityMetadataSource' of type [org.springframework.security.access.method.DelegatingMethodSecurityMetadataSource] is not eligible for getting processed by all BeanPostProcessors (for example: not eligible for auto-proxying)
2023-12-08 00:27:52,065 INFO org.springframework.boot.web.embedded.tomcat.TomcatWebServer [main] Tomcat initialized with port(s): 8080 (http)
2023-12-08 00:27:52,083 INFO org.apache.coyote.http11.Http11NioProtocol [main] Initializing ProtocolHandler ["http-nio-8080"]
2023-12-08 00:27:52,084 INFO org.apache.catalina.core.StandardService [main] Starting service [Tomcat]
2023-12-08 00:27:52,084 INFO org.apache.catalina.core.StandardEngine [main] Starting Servlet engine: [Apache Tomcat/9.0.52]
2023-12-08 00:27:52,249 INFO org.apache.catalina.core.ContainerBase.[Tomcat].[localhost].[/] [main] Initializing Spring embedded WebApplicationContext
2023-12-08 00:27:52,249 INFO org.springframework.boot.web.servlet.context.ServletWebServerApplicationContext [main] Root WebApplicationContext: initialization completed in 2871 ms
2023-12-08 00:27:52,511 INFO com.zaxxer.hikari.HikariDataSource [main] HikariPool-1 - Starting...
2023-12-08 00:27:52,879 INFO com.zaxxer.hikari.HikariDataSource [main] HikariPool-1 - Start completed.
2023-12-08 00:27:53,631 INFO liquibase.lockservice [main] Successfully acquired change log lock
2023-12-08 00:27:53,969 INFO liquibase.changelog [main] Creating database history table with name: public.databasechangelog
2023-12-08 00:27:53,980 INFO liquibase.changelog [main] Reading from public.databasechangelog
2023-12-08 00:27:54,057 INFO liquibase.lockservice [main] Successfully released change log lock
2023-12-08 00:27:54,063 INFO liquibase.lockservice [main] Successfully acquired change log lock
2023-12-08 00:27:54,065 WARN liquibase.hub [main] Skipping auto-registration
2023-12-08 00:27:54,086 INFO liquibase.lockservice [main] Successfully released change log lock
2023-12-08 00:27:54,089 WARN org.springframework.boot.web.servlet.context.AnnotationConfigServletWebServerApplicationContext [main] Exception encountered during context initialization - cancelling refresh attempt: org.springframework.beans.factory.BeanCreationException: Error creating bean with name 'liquibase' defined in class path resource [org/springframework/boot/autoconfigure/liquibase/LiquibaseAutoConfiguration$LiquibaseConfiguration.class]: Invocation of init method failed; nested exception is liquibase.exception.LiquibaseException: liquibase.exception.MigrationFailedException: Migration failed for change set db/changelog/changeset/create-users-table.yaml::create-users::Dmitry:
     Reason: liquibase.exception.DatabaseException: ОШИБКА: отношение "users" уже существует [Failed SQL: (0) CREATE TABLE public.users (id BIGINT GENERATED BY DEFAULT AS IDENTITY NOT NULL, name VARCHAR(64) NOT NULL, email VARCHAR(320) NOT NULL, password VARCHAR(2048) NOT NULL, CONSTRAINT USERS_PKEY PRIMARY KEY (id), UNIQUE (name), UNIQUE (email))]
2023-12-08 00:27:54,089 INFO com.zaxxer.hikari.HikariDataSource [main] HikariPool-1 - Shutdown initiated...
2023-12-08 00:27:54,095 INFO com.zaxxer.hikari.HikariDataSource [main] HikariPool-1 - Shutdown completed.
2023-12-08 00:27:54,101 INFO org.apache.catalina.core.StandardService [main] Stopping service [Tomcat]
2023-12-08 00:27:54,117 INFO org.springframework.boot.autoconfigure.logging.ConditionEvaluationReportLoggingListener [main] 

Error starting ApplicationContext. To display the conditions report re-run your application with 'debug' enabled.
2023-12-08 00:27:54,139 ERROR org.springframework.boot.SpringApplication [main] Application run failed
org.springframework.beans.factory.BeanCreationException: Error creating bean with name 'liquibase' defined in class path resource [org/springframework/boot/autoconfigure/liquibase/LiquibaseAutoConfiguration$LiquibaseConfiguration.class]: Invocation of init method failed; nested exception is liquibase.exception.LiquibaseException: liquibase.exception.MigrationFailedException: Migration failed for change set db/changelog/changeset/create-users-table.yaml::create-users::Dmitry:
     Reason: liquibase.exception.DatabaseException: ОШИБКА: отношение "users" уже существует [Failed SQL: (0) CREATE TABLE public.users (id BIGINT GENERATED BY DEFAULT AS IDENTITY NOT NULL, name VARCHAR(64) NOT NULL, email VARCHAR(320) NOT NULL, password VARCHAR(2048) NOT NULL, CONSTRAINT USERS_PKEY PRIMARY KEY (id), UNIQUE (name), UNIQUE (email))]
	at org.springframework.beans.factory.support.AbstractAutowireCapableBeanFactory.initializeBean(AbstractAutowireCapableBeanFactory.java:1786)
	at org.springframework.beans.factory.support.AbstractAutowireCapableBeanFactory.doCreateBean(AbstractAutowireCapableBeanFactory.java:602)
	at org.springframework.beans.factory.support.AbstractAutowireCapableBeanFactory.createBean(AbstractAutowireCapableBeanFactory.java:524)
	at org.springframework.beans.factory.support.AbstractBeanFactory.lambda$doGetBean$0(AbstractBeanFactory.java:335)
	at org.springframework.beans.factory.support.DefaultSingletonBeanRegistry.getSingleton(DefaultSingletonBeanRegistry.java:234)
	at org.springframework.beans.factory.support.AbstractBeanFactory.doGetBean(AbstractBeanFactory.java:333)
	at org.springframework.beans.factory.support.AbstractBeanFactory.getBean(AbstractBeanFactory.java:208)
	at org.springframework.beans.factory.support.AbstractBeanFactory.doGetBean(AbstractBeanFactory.java:322)
	at org.springframework.beans.factory.support.AbstractBeanFactory.getBean(AbstractBeanFactory.java:208)
	at org.springframework.context.support.AbstractApplicationContext.getBean(AbstractApplicationContext.java:1154)
	at org.springframework.context.support.AbstractApplicationContext.finishBeanFactoryInitialization(AbstractApplicationContext.java:908)
	at org.springframework.context.support.AbstractApplicationContext.refresh(AbstractApplicationContext.java:583)
	at org.springframework.boot.web.servlet.context.ServletWebServerApplicationContext.refresh(ServletWebServerApplicationContext.java:145)
	at org.springframework.boot.SpringApplication.refresh(SpringApplication.java:754)
	at org.springframework.boot.SpringApplication.refreshContext(SpringApplication.java:434)
	at org.springframework.boot.SpringApplication.run(SpringApplication.java:338)
	at org.springframework.boot.SpringApplication.run(SpringApplication.java:1343)
	at org.springframework.boot.SpringApplication.run(SpringApplication.java:1332)
	at ru.khachidze.backend.MingleServiceApplication.main(MingleServiceApplication.java:12)
Caused by: liquibase.exception.LiquibaseException: liquibase.exception.MigrationFailedException: Migration failed for change set db/changelog/changeset/create-users-table.yaml::create-users::Dmitry:
     Reason: liquibase.exception.DatabaseException: ОШИБКА: отношение "users" уже существует [Failed SQL: (0) CREATE TABLE public.users (id BIGINT GENERATED BY DEFAULT AS IDENTITY NOT NULL, name VARCHAR(64) NOT NULL, email VARCHAR(320) NOT NULL, password VARCHAR(2048) NOT NULL, CONSTRAINT USERS_PKEY PRIMARY KEY (id), UNIQUE (name), UNIQUE (email))]
	at liquibase.changelog.ChangeLogIterator.run(ChangeLogIterator.java:124)
	at liquibase.Liquibase.lambda$null$0(Liquibase.java:272)
	at liquibase.Scope.lambda$child$0(Scope.java:160)
	at liquibase.Scope.child(Scope.java:169)
	at liquibase.Scope.child(Scope.java:159)
	at liquibase.Scope.child(Scope.java:138)
	at liquibase.Scope.child(Scope.java:222)
	at liquibase.Liquibase.lambda$update$1(Liquibase.java:271)
	at liquibase.Scope.lambda$child$0(Scope.java:160)
	at liquibase.Scope.child(Scope.java:169)
	at liquibase.Scope.child(Scope.java:159)
	at liquibase.Scope.child(Scope.java:138)
	at liquibase.Liquibase.runInScope(Liquibase.java:2369)
	at liquibase.Liquibase.update(Liquibase.java:217)
	at liquibase.Liquibase.update(Liquibase.java:203)
	at liquibase.integration.spring.SpringLiquibase.performUpdate(SpringLiquibase.java:321)
	at liquibase.integration.spring.SpringLiquibase.afterPropertiesSet(SpringLiquibase.java:275)
	at org.springframework.beans.factory.support.AbstractAutowireCapableBeanFactory.invokeInitMethods(AbstractAutowireCapableBeanFactory.java:1845)
	at org.springframework.beans.factory.support.AbstractAutowireCapableBeanFactory.initializeBean(AbstractAutowireCapableBeanFactory.java:1782)
	... 18 common frames omitted
Caused by: liquibase.exception.MigrationFailedException: Migration failed for change set db/changelog/changeset/create-users-table.yaml::create-users::Dmitry:
     Reason: liquibase.exception.DatabaseException: ОШИБКА: отношение "users" уже существует [Failed SQL: (0) CREATE TABLE public.users (id BIGINT GENERATED BY DEFAULT AS IDENTITY NOT NULL, name VARCHAR(64) NOT NULL, email VARCHAR(320) NOT NULL, password VARCHAR(2048) NOT NULL, CONSTRAINT USERS_PKEY PRIMARY KEY (id), UNIQUE (name), UNIQUE (email))]
	at liquibase.changelog.ChangeSet.execute(ChangeSet.java:672)
	at liquibase.changelog.visitor.UpdateVisitor.visit(UpdateVisitor.java:49)
	at liquibase.changelog.ChangeLogIterator$2.lambda$null$0(ChangeLogIterator.java:111)
	at liquibase.Scope.lambda$child$0(Scope.java:160)
	at liquibase.Scope.child(Scope.java:169)
	at liquibase.Scope.child(Scope.java:159)
	at liquibase.Scope.child(Scope.java:138)
	at liquibase.changelog.ChangeLogIterator$2.lambda$run$1(ChangeLogIterator.java:110)
	at liquibase.Scope.lambda$child$0(Scope.java:160)
	at liquibase.Scope.child(Scope.java:169)
	at liquibase.Scope.child(Scope.java:159)
	at liquibase.Scope.child(Scope.java:138)
	at liquibase.Scope.child(Scope.java:222)
	at liquibase.changelog.ChangeLogIterator$2.run(ChangeLogIterator.java:94)
	at liquibase.Scope.lambda$child$0(Scope.java:160)
	at liquibase.Scope.child(Scope.java:169)
	at liquibase.Scope.child(Scope.java:159)
	at liquibase.Scope.child(Scope.java:138)
	at liquibase.Scope.child(Scope.java:222)
	at liquibase.Scope.child(Scope.java:226)
	at liquibase.changelog.ChangeLogIterator.run(ChangeLogIterator.java:66)
	... 36 common frames omitted
Caused by: liquibase.exception.DatabaseException: ОШИБКА: отношение "users" уже существует [Failed SQL: (0) CREATE TABLE public.users (id BIGINT GENERATED BY DEFAULT AS IDENTITY NOT NULL, name VARCHAR(64) NOT NULL, email VARCHAR(320) NOT NULL, password VARCHAR(2048) NOT NULL, CONSTRAINT USERS_PKEY PRIMARY KEY (id), UNIQUE (name), UNIQUE (email))]
	at liquibase.executor.jvm.JdbcExecutor$ExecuteStatementCallback.doInStatement(JdbcExecutor.java:393)
	at liquibase.executor.jvm.JdbcExecutor.execute(JdbcExecutor.java:82)
	at liquibase.executor.jvm.JdbcExecutor.execute(JdbcExecutor.java:150)
	at liquibase.database.AbstractJdbcDatabase.execute(AbstractJdbcDatabase.java:1278)
	at liquibase.database.AbstractJdbcDatabase.executeStatements(AbstractJdbcDatabase.java:1260)
	at liquibase.changelog.ChangeSet.execute(ChangeSet.java:637)
	... 56 common frames omitted
Caused by: org.postgresql.util.PSQLException: ОШИБКА: отношение "users" уже существует
	at org.postgresql.core.v3.QueryExecutorImpl.receiveErrorResponse(QueryExecutorImpl.java:2676)
	at org.postgresql.core.v3.QueryExecutorImpl.processResults(QueryExecutorImpl.java:2366)
	at org.postgresql.core.v3.QueryExecutorImpl.execute(QueryExecutorImpl.java:356)
	at org.postgresql.jdbc.PgStatement.executeInternal(PgStatement.java:496)
	at org.postgresql.jdbc.PgStatement.execute(PgStatement.java:413)
	at org.postgresql.jdbc.PgStatement.executeWithFlags(PgStatement.java:333)
	at org.postgresql.jdbc.PgStatement.executeCachedSql(PgStatement.java:319)
	at org.postgresql.jdbc.PgStatement.executeWithFlags(PgStatement.java:295)
	at org.postgresql.jdbc.PgStatement.execute(PgStatement.java:290)
	at com.zaxxer.hikari.pool.ProxyStatement.execute(ProxyStatement.java:94)
	at com.zaxxer.hikari.pool.HikariProxyStatement.execute(HikariProxyStatement.java)
	at liquibase.executor.jvm.JdbcExecutor$ExecuteStatementCallback.doInStatement(JdbcExecutor.java:389)
	... 61 common frames omitted
2023-12-08 00:28:17,695 INFO org.hibernate.validator.internal.util.Version [background-preinit] HV000001: Hibernate Validator 6.2.0.Final
2023-12-08 00:28:17,711 INFO ru.khachidze.backend.MingleServiceApplication [main] Starting MingleServiceApplication using Java 17.0.2 on LAPTOP-OUHQC63F with PID 3572 (D:\MingleProject\backend\target\classes started by dmitr in D:\MingleProject\backend)
2023-12-08 00:28:17,712 INFO ru.khachidze.backend.MingleServiceApplication [main] No active profile set, falling back to default profiles: default
2023-12-08 00:28:19,106 INFO org.springframework.data.repository.config.RepositoryConfigurationDelegate [main] Bootstrapping Spring Data JPA repositories in DEFAULT mode.
2023-12-08 00:28:19,211 INFO org.springframework.data.repository.config.RepositoryConfigurationDelegate [main] Finished Spring Data repository scanning in 92 ms. Found 3 JPA repository interfaces.
2023-12-08 00:28:19,787 INFO org.springframework.context.support.PostProcessorRegistrationDelegate$BeanPostProcessorChecker [main] Bean 'org.springframework.security.access.expression.method.DefaultMethodSecurityExpressionHandler@4047d2d9' of type [org.springframework.security.access.expression.method.DefaultMethodSecurityExpressionHandler] is not eligible for getting processed by all BeanPostProcessors (for example: not eligible for auto-proxying)
2023-12-08 00:28:19,799 INFO org.springframework.context.support.PostProcessorRegistrationDelegate$BeanPostProcessorChecker [main] Bean 'methodSecurityMetadataSource' of type [org.springframework.security.access.method.DelegatingMethodSecurityMetadataSource] is not eligible for getting processed by all BeanPostProcessors (for example: not eligible for auto-proxying)
2023-12-08 00:28:20,431 INFO org.springframework.boot.web.embedded.tomcat.TomcatWebServer [main] Tomcat initialized with port(s): 8080 (http)
2023-12-08 00:28:20,447 INFO org.apache.coyote.http11.Http11NioProtocol [main] Initializing ProtocolHandler ["http-nio-8080"]
2023-12-08 00:28:20,447 INFO org.apache.catalina.core.StandardService [main] Starting service [Tomcat]
2023-12-08 00:28:20,448 INFO org.apache.catalina.core.StandardEngine [main] Starting Servlet engine: [Apache Tomcat/9.0.52]
2023-12-08 00:28:20,571 INFO org.apache.catalina.core.ContainerBase.[Tomcat].[localhost].[/] [main] Initializing Spring embedded WebApplicationContext
2023-12-08 00:28:20,571 INFO org.springframework.boot.web.servlet.context.ServletWebServerApplicationContext [main] Root WebApplicationContext: initialization completed in 2778 ms
2023-12-08 00:28:20,875 INFO com.zaxxer.hikari.HikariDataSource [main] HikariPool-1 - Starting...
2023-12-08 00:28:21,230 INFO com.zaxxer.hikari.HikariDataSource [main] HikariPool-1 - Start completed.
2023-12-08 00:28:21,335 INFO org.hibernate.jpa.internal.util.LogHelper [main] HHH000204: Processing PersistenceUnitInfo [name: default]
2023-12-08 00:28:21,453 INFO org.hibernate.Version [main] HHH000412: Hibernate ORM core version 5.4.32.Final
2023-12-08 00:28:21,740 INFO org.hibernate.annotations.common.Version [main] HCANN000001: Hibernate Commons Annotations {5.1.2.Final}
2023-12-08 00:28:21,991 INFO org.hibernate.dialect.Dialect [main] HHH000400: Using dialect: org.hibernate.dialect.PostgreSQL10Dialect
2023-12-08 00:28:23,045 INFO org.hibernate.engine.transaction.jta.platform.internal.JtaPlatformInitiator [main] HHH000490: Using JtaPlatform implementation: [org.hibernate.engine.transaction.jta.platform.internal.NoJtaPlatform]
2023-12-08 00:28:23,058 INFO org.springframework.orm.jpa.LocalContainerEntityManagerFactoryBean [main] Initialized JPA EntityManagerFactory for persistence unit 'default'
2023-12-08 00:28:24,143 INFO org.springframework.security.web.DefaultSecurityFilterChain [main] Will secure any request with [org.springframework.security.web.context.request.async.WebAsyncManagerIntegrationFilter@73905dff, org.springframework.security.web.context.SecurityContextPersistenceFilter@ca2a03f, org.springframework.security.web.header.HeaderWriterFilter@e2344da, org.springframework.security.web.authentication.logout.LogoutFilter@7dbbf730, ru.khachidze.backend.api.config.JwtRequestFilter@58658f63, org.springframework.security.web.savedrequest.RequestCacheAwareFilter@3e24bab6, org.springframework.security.web.servletapi.SecurityContextHolderAwareRequestFilter@391e2a, org.springframework.security.web.authentication.AnonymousAuthenticationFilter@5c0d3715, org.springframework.security.web.session.SessionManagementFilter@7901a5ab, org.springframework.security.web.access.ExceptionTranslationFilter@1c528f2f, org.springframework.security.web.access.intercept.FilterSecurityInterceptor@5400db7e]
2023-12-08 00:28:24,253 WARN org.springframework.boot.autoconfigure.orm.jpa.JpaBaseConfiguration$JpaWebConfiguration [main] spring.jpa.open-in-view is enabled by default. Therefore, database queries may be performed during view rendering. Explicitly configure spring.jpa.open-in-view to disable this warning
2023-12-08 00:28:24,872 INFO org.apache.coyote.http11.Http11NioProtocol [main] Starting ProtocolHandler ["http-nio-8080"]
2023-12-08 00:28:24,911 INFO org.springframework.boot.web.embedded.tomcat.TomcatWebServer [main] Tomcat started on port(s): 8080 (http) with context path ''
2023-12-08 00:28:24,930 INFO ru.khachidze.backend.MingleServiceApplication [main] Started MingleServiceApplication in 8.139 seconds (JVM running for 9.099)
2023-12-08 00:28:24,943 INFO ru.khachidze.backend.api.service.TokenPurgeTaskService [scheduling-1] Сработал шидулер
2023-12-08 00:28:31,159 INFO org.apache.catalina.core.ContainerBase.[Tomcat].[localhost].[/] [http-nio-8080-exec-1] Initializing Spring DispatcherServlet 'dispatcherServlet'
2023-12-08 00:28:31,159 INFO org.springframework.web.servlet.DispatcherServlet [http-nio-8080-exec-1] Initializing Servlet 'dispatcherServlet'
2023-12-08 00:28:31,164 INFO org.springframework.web.servlet.DispatcherServlet [http-nio-8080-exec-1] Completed initialization in 4 ms
2023-12-08 00:28:32,194 INFO ru.khachidze.backend.api.service.AuthService [http-nio-8080-exec-1] In createNewUser: Пользователь, предоставивший данные для регистрации login: Andrey222 и email: dasds21sd@inbox.ru успешно зарегистрирован
2023-12-08 00:28:47,015 INFO ru.khachidze.backend.api.service.AuthService [http-nio-8080-exec-3] In createNewUser: Пользователь, предоставивший данные для регистрации login: Andrey222 и email: dasds21sd@inbox.ru -такой логин уже существует
2023-12-08 00:28:47,021 INFO ru.khachidze.backend.api.advice.EntityExistsExceptionHandler [http-nio-8080-exec-3] In EntityExistsExceptionHandler -> handleUsernameAlreadyExistsException(): Username already exists
2023-12-08 00:29:08,421 INFO ru.khachidze.backend.api.config.JwtRequestFilter [http-nio-8080-exec-4] Время жизни вышло
2023-12-08 00:29:08,429 INFO ru.khachidze.backend.api.controller.MainController [http-nio-8080-exec-4] получили всех users
2023-12-08 00:29:26,637 INFO ru.khachidze.backend.api.service.AuthService [http-nio-8080-exec-5] In createNewUser: Попытка входа пользователя login: Andrey22 и password: Abcd123#
2023-12-08 00:29:27,136 INFO ru.khachidze.backend.api.service.AuthService [http-nio-8080-exec-5] In createNewUser: Пользователю login: Andrey22 и password: Abcd123# успешно выдан токен
2023-12-08 00:30:39,090 INFO ru.khachidze.backend.api.service.AuthService [http-nio-8080-exec-8] In createNewUser: Пользователь, предоставивший данные для регистрации login: Andrey223 и email: dasds2s1sd@inbox.ru успешно зарегистрирован
2023-12-08 00:30:47,212 INFO ru.khachidze.backend.api.config.JwtRequestFilter [http-nio-8080-exec-9] Время жизни вышло
2023-12-08 00:30:47,214 INFO ru.khachidze.backend.api.controller.MainController [http-nio-8080-exec-9] получили всех users
2023-12-08 00:31:54,161 INFO ru.khachidze.backend.api.config.JwtRequestFilter [http-nio-8080-exec-1] Время жизни вышло
2023-12-08 00:31:54,170 WARN org.springframework.web.servlet.mvc.support.DefaultHandlerExceptionResolver [http-nio-8080-exec-1] Resolved [org.springframework.web.HttpRequestMethodNotSupportedException: Request method 'GET' not supported]
2023-12-08 00:32:11,516 INFO ru.khachidze.backend.api.config.JwtRequestFilter [http-nio-8080-exec-3] Время жизни вышло
2023-12-08 00:32:11,525 INFO ru.khachidze.backend.api.service.AuthService [http-nio-8080-exec-3] user: Andrey222 удален
2023-12-08 00:32:19,376 INFO ru.khachidze.backend.api.config.JwtRequestFilter [http-nio-8080-exec-4] Время жизни вышло
2023-12-08 00:32:19,382 INFO ru.khachidze.backend.api.service.AuthService [http-nio-8080-exec-4] user: Andrey223 удален
2023-12-08 00:32:23,588 INFO ru.khachidze.backend.api.config.JwtRequestFilter [http-nio-8080-exec-5] Время жизни вышло
2023-12-08 00:33:25,002 INFO ru.khachidze.backend.api.service.TokenPurgeTaskService [scheduling-1] Сработал шидулер
2023-12-08 00:33:30,777 INFO ru.khachidze.backend.api.controller.MainController [http-nio-8080-exec-8] получили всех users
2023-12-08 00:33:43,024 INFO ru.khachidze.backend.api.service.AuthService [http-nio-8080-exec-9] user: Andrey22 удален
2023-12-08 00:34:42,031 INFO org.springframework.orm.jpa.LocalContainerEntityManagerFactoryBean [SpringApplicationShutdownHook] Closing JPA EntityManagerFactory for persistence unit 'default'
2023-12-08 00:34:42,039 INFO com.zaxxer.hikari.HikariDataSource [SpringApplicationShutdownHook] HikariPool-1 - Shutdown initiated...
2023-12-08 00:34:42,059 INFO com.zaxxer.hikari.HikariDataSource [SpringApplicationShutdownHook] HikariPool-1 - Shutdown completed.
